2019/07/02 15:00:24 にビルドを開始しました。
     1>ノード 2 上のプロジェクト "C:\Users\光\documents\visual studio 2012\Projects\Mario\Mario.vcxproj" (Build ターゲット)。
     1>ClCompile:
         C:\Program Files (x86)\Microsoft Visual Studio 11.0\VC\bin\CL.exe /c /I"C:\DxLib_VC\プロジェクトに追加すべきファイル_VC用" /ZI /nologo /W3 /WX- /Od /Oy- /D _MBCS /Gm /EHsc /RTC1 /MTd /GS /fp:precise /Zc:wchar_t /Zc:forScope /Fo"Debug\\" /Fd"Debug\vc110.pdb" /Gd /TP /analyze- /errorReport:prompt Sample02.cpp
         Sample02.cpp
     1>c:\users\光\documents\visual studio 2012\projects\mario\sample02.cpp(338): warning C4996: 'fopen': This function or variable may be unsafe. Consider using fopen_s instead. To disable deprecation, use _CRT_SECURE_NO_WARNINGS. See online help for details.
                 c:\program files (x86)\microsoft visual studio 11.0\vc\include\stdio.h(218) : 'fopen' の宣言を確認してください。
     1>c:\users\光\documents\visual studio 2012\projects\mario\sample02.cpp(341): warning C4996: 'fopen': This function or variable may be unsafe. Consider using fopen_s instead. To disable deprecation, use _CRT_SECURE_NO_WARNINGS. See online help for details.
                 c:\program files (x86)\microsoft visual studio 11.0\vc\include\stdio.h(218) : 'fopen' の宣言を確認してください。
     1>c:\users\光\documents\visual studio 2012\projects\mario\sample02.cpp(1155): warning C4244: '引数' : 'double' から 'int' への変換です。データが失われる可能性があります。
     1>c:\users\光\documents\visual studio 2012\projects\mario\sample02.cpp(1157): warning C4244: '引数' : 'double' から 'int' への変換です。データが失われる可能性があります。
     1>c:\users\光\documents\visual studio 2012\projects\mario\sample02.cpp(1158): warning C4244: '引数' : 'double' から 'int' への変換です。データが失われる可能性があります。
     1>c:\users\光\documents\visual studio 2012\projects\mario\sample02.cpp(1159): warning C4244: '引数' : 'double' から 'int' への変換です。データが失われる可能性があります。
     1>c:\users\光\documents\visual studio 2012\projects\mario\sample02.cpp(1160): warning C4244: '引数' : 'double' から 'int' への変換です。データが失われる可能性があります。
     1>c:\users\光\documents\visual studio 2012\projects\mario\sample02.cpp(1162): warning C4244: '引数' : 'double' から 'int' への変換です。データが失われる可能性があります。
     1>c:\users\光\documents\visual studio 2012\projects\mario\sample02.cpp(1181): warning C4244: '引数' : 'double' から 'int' への変換です。データが失われる可能性があります。
     1>c:\users\光\documents\visual studio 2012\projects\mario\sample02.cpp(1184): warning C4244: '引数' : 'double' から 'int' への変換です。データが失われる可能性があります。
     1>c:\users\光\documents\visual studio 2012\projects\mario\sample02.cpp(1188): warning C4244: '引数' : 'double' から 'int' への変換です。データが失われる可能性があります。
     1>c:\users\光\documents\visual studio 2012\projects\mario\sample02.cpp(1189): warning C4244: '引数' : 'double' から 'int' への変換です。データが失われる可能性があります。
     1>c:\users\光\documents\visual studio 2012\projects\mario\sample02.cpp(1193): warning C4244: '引数' : 'double' から 'int' への変換です。データが失われる可能性があります。
     1>c:\users\光\documents\visual studio 2012\projects\mario\sample02.cpp(1197): warning C4244: '引数' : 'double' から 'int' への変換です。データが失われる可能性があります。
     1>c:\users\光\documents\visual studio 2012\projects\mario\sample02.cpp(1200): warning C4244: '引数' : 'double' から 'int' への変換です。データが失われる可能性があります。
     1>c:\users\光\documents\visual studio 2012\projects\mario\sample02.cpp(1204): warning C4244: '引数' : 'double' から 'int' への変換です。データが失われる可能性があります。
     1>c:\users\光\documents\visual studio 2012\projects\mario\sample02.cpp(1205): warning C4244: '引数' : 'double' から 'int' への変換です。データが失われる可能性があります。
     1>c:\users\光\documents\visual studio 2012\projects\mario\sample02.cpp(1209): warning C4244: '引数' : 'double' から 'int' への変換です。データが失われる可能性があります。
     1>c:\users\光\documents\visual studio 2012\projects\mario\sample02.cpp(1230): warning C4244: '引数' : 'double' から 'int' への変換です。データが失われる可能性があります。
     1>c:\users\光\documents\visual studio 2012\projects\mario\sample02.cpp(1242): warning C4244: '引数' : 'double' から 'int' への変換です。データが失われる可能性があります。
     1>c:\users\光\documents\visual studio 2012\projects\mario\sample02.cpp(1261): warning C4244: '引数' : 'double' から 'int' への変換です。データが失われる可能性があります。
       Link:
         C:\Program Files (x86)\Microsoft Visual Studio 11.0\VC\bin\link.exe /ERRORREPORT:PROMPT /OUT:"C:\Users\光\documents\visual studio 2012\Projects\Mario\Debug\Mario.exe" /INCREMENTAL /NOLOGO /LIBPATH:"C:\DxLib_VC\プロジェクトに追加すべきファイル_VC用" kernel32.lib user32.lib gdi32.lib winspool.lib comdlg32.lib advapi32.lib shell32.lib ole32.lib oleaut32.lib uuid.lib odbc32.lib odbccp32.lib /MANIFEST /MANIFESTUAC:"level='asInvoker' uiAccess='false'" /manifest:embed /DEBUG /PDB:"C:\Users\光\documents\visual studio 2012\Projects\Mario\Debug\Mario.pdb" /TLBID:1 /DYNAMICBASE /NXCOMPAT /IMPLIB:"C:\Users\光\documents\visual studio 2012\Projects\Mario\Debug\Mario.lib" /MACHINE:X86 Debug\Sample02.obj
         Mario.vcxproj -> C:\Users\光\documents\visual studio 2012\Projects\Mario\Debug\Mario.exe
     1>プロジェクト "C:\Users\光\documents\visual studio 2012\Projects\Mario\Mario.vcxproj" (Build ターゲット) のビルドが完了しました。

ビルドに成功しました。

経過時間 00:00:06.46
